# JRE version: Java(TM) SE Runtime Environment (7.0_60-b19) (build 1.7.0_60-b19)
# Java VM: Java HotSpot(TM) Server VM (24.60-b09 mixed mode linux-x86 )
Heap
 PSYoungGen      total 47616K, used 7043K [0xa8e80000, 0xadcc0000, 0xb3740000)
  eden space 42752K, 5% used [0xa8e80000,0xa90a5ab0,0xab840000)
  from space 4864K, 99% used [0xad800000,0xadcbb538,0xadcc0000)
  to   space 8960K, 0% used [0xacb40000,0xacb40000,0xad400000)
 ParOldGen       total 38912K, used 16546K [0x93d40000, 0x96340000, 0xa8e80000)
  object space 38912K, 42% used [0x93d40000,0x94d68a38,0x96340000)
 PSPermGen       total 36352K, used 21173K [0x8fd40000, 0x920c0000, 0x93d40000)
  object space 36352K, 58% used [0x8fd40000,0x911ed6f8,0x920c0000)
GC Heap History (10 events):
Event: 3.011 GC heap before
{Heap before GC invocations=3 (full 0):
 PSYoungGen      total 17664K, used 17651K [0xa8e80000, 0xaa100000, 0xb3740000)
  eden space 16384K, 100% used [0xa8e80000,0xa9e80000,0xa9e80000)
  from space 1280K, 98% used [0xa9fc0000,0xaa0fcc08,0xaa100000)
  to   space 1280K, 0% used [0xa9e80000,0xa9e80000,0xa9fc0000)
 ParOldGen       total 21504K, used 2674K [0x93d40000, 0x95240000, 0xa8e80000)
  object space 21504K, 12% used [0x93d40000,0x93fdcb58,0x95240000)
 PSPermGen       total 16384K, used 9593K [0x8fd40000, 0x90d40000, 0x93d40000)
  object space 16384K, 58% used [0x8fd40000,0x9069e658,0x90d40000)
Event: 3.041 GC heap after
Heap after GC invocations=3 (full 0):
 PSYoungGen      total 17664K, used 1266K [0xa8e80000, 0xab100000, 0xb3740000)
  eden space 16384K, 0% used [0xa8e80000,0xa8e80000,0xa9e80000)
  from space 1280K, 98% used [0xa9e80000,0xa9fbc880,0xa9fc0000)
  to   space 1280K, 0% used [0xaafc0000,0xaafc0000,0xab100000)
 ParOldGen       total 21504K, used 6326K [0x93d40000, 0x95240000, 0xa8e80000)
  object space 21504K, 29% used [0x93d40000,0x9436d9a8,0x95240000)
 PSPermGen       total 16384K, used 9593K [0x8fd40000, 0x90d40000, 0x93d40000)
  object space 16384K, 58% used [0x8fd40000,0x9069e658,0x90d40000)
}
Event: 4.418 GC heap before
{Heap before GC invocations=4 (full 0):
 PSYoungGen      total 17664K, used 17650K [0xa8e80000, 0xab100000, 0xb3740000)
  eden space 16384K, 100% used [0xa8e80000,0xa9e80000,0xa9e80000)
  from space 1280K, 98% used [0xa9e80000,0xa9fbc880,0xa9fc0000)
  to   space 1280K, 0% used [0xaafc0000,0xaafc0000,0xab100000)
 ParOldGen       total 21504K, used 6326K [0x93d40000, 0x95240000, 0xa8e80000)
  object space 21504K, 29% used [0x93d40000,0x9436d9a8,0x95240000)
 PSPermGen       total 16384K, used 11437K [0x8fd40000, 0x90d40000, 0x93d40000)
  object space 16384K, 69% used [0x8fd40000,0x9086b6c0,0x90d40000)
Event: 4.452 GC heap after
Heap after GC invocations=4 (full 0):
 PSYoungGen      total 34048K, used 1272K [0xa8e80000, 0xab100000, 0xb3740000)
  eden space 32768K, 0% used [0xa8e80000,0xa8e80000,0xaae80000)
  from space 1280K, 99% used [0xaafc0000,0xab0fe050,0xab100000)
  to   space 1280K, 0% used [0xaae80000,0xaae80000,0xaafc0000)
 ParOldGen       total 21504K, used 9779K [0x93d40000, 0x95240000, 0xa8e80000)
  object space 21504K, 45% used [0x93d40000,0x946cce70,0x95240000)
 PSPermGen       total 16384K, used 11437K [0x8fd40000, 0x90d40000, 0x93d40000)
  object space 16384K, 69% used [0x8fd40000,0x9086b6c0,0x90d40000)
}
Event: 7.011 GC heap before
{Heap before GC invocations=5 (full 0):
 PSYoungGen      total 34048K, used 34040K [0xa8e80000, 0xab100000, 0xb3740000)
  eden space 32768K, 100% used [0xa8e80000,0xaae80000,0xaae80000)
  from space 1280K, 99% used [0xaafc0000,0xab0fe050,0xab100000)
  to   space 1280K, 0% used [0xaae80000,0xaae80000,0xaafc0000)
 ParOldGen       total 21504K, used 9779K [0x93d40000, 0x95240000, 0xa8e80000)
  object space 21504K, 45% used [0x93d40000,0x946cce70,0x95240000)
 PSPermGen       total 18176K, used 18107K [0x8fd40000, 0x90f00000, 0x93d40000)
  object space 18176K, 99% used [0x8fd40000,0x90eeee70,0x90f00000)
Event: 7.062 GC heap after
Heap after GC invocations=5 (full 0):
 PSYoungGen      total 34048K, used 1272K [0xa8e80000, 0xae180000, 0xb3740000)
  eden space 32768K, 0% used [0xa8e80000,0xa8e80000,0xaae80000)
  from space 1280K, 99% used [0xaae80000,0xaafbe050,0xaafc0000)
  to   space 9728K, 0% used [0xad800000,0xad800000,0xae180000)
 ParOldGen       total 21504K, used 18497K [0x93d40000, 0x95240000, 0xa8e80000)
  object space 21504K, 86% used [0x93d40000,0x94f50470,0x95240000)
 PSPermGen       total 18176K, used 18107K [0x8fd40000, 0x90f00000, 0x93d40000)
  object space 18176K, 99% used [0x8fd40000,0x90eeee70,0x90f00000)
}
Event: 7.062 GC heap before
{Heap before GC invocations=6 (full 1):
 PSYoungGen      total 34048K, used 1272K [0xa8e80000, 0xae180000, 0xb3740000)
  eden space 32768K, 0% used [0xa8e80000,0xa8e80000,0xaae80000)
  from space 1280K, 99% used [0xaae80000,0xaafbe050,0xaafc0000)
  to   space 9728K, 0% used [0xad800000,0xad800000,0xae180000)
 ParOldGen       total 21504K, used 18497K [0x93d40000, 0x95240000, 0xa8e80000)
  object space 21504K, 86% used [0x93d40000,0x94f50470,0x95240000)
 PSPermGen       total 18176K, used 18107K [0x8fd40000, 0x90f00000, 0x93d40000)
  object space 18176K, 99% used [0x8fd40000,0x90eeee70,0x90f00000)
Event: 7.379 GC heap after
Heap after GC invocations=6 (full 1):
 PSYoungGen      total 34048K, used 0K [0xa8e80000, 0xae180000, 0xb3740000)
  eden space 32768K, 0% used [0xa8e80000,0xa8e80000,0xaae80000)
  from space 1280K, 0% used [0xaae80000,0xaae80000,0xaafc0000)
  to   space 9728K, 0% used [0xad800000,0xad800000,0xae180000)
 ParOldGen       total 38912K, used 16546K [0x93d40000, 0x96340000, 0xa8e80000)
  object space 38912K, 42% used [0x93d40000,0x94d68a38,0x96340000)
 PSPermGen       total 36352K, used 18098K [0x8fd40000, 0x920c0000, 0x93d40000)
  object space 36352K, 49% used [0x8fd40000,0x90eecb28,0x920c0000)
}
Event: 9.366 GC heap before
{Heap before GC invocations=7 (full 1):
 PSYoungGen      total 34048K, used 32768K [0xa8e80000, 0xae180000, 0xb3740000)
  eden space 32768K, 100% used [0xa8e80000,0xaae80000,0xaae80000)
  from space 1280K, 0% used [0xaae80000,0xaae80000,0xaafc0000)
  to   space 9728K, 0% used [0xad800000,0xad800000,0xae180000)
 ParOldGen       total 38912K, used 16546K [0x93d40000, 0x96340000, 0xa8e80000)
  object space 38912K, 42% used [0x93d40000,0x94d68a38,0x96340000)
 PSPermGen       total 36352K, used 21137K [0x8fd40000, 0x920c0000, 0x93d40000)
  object space 36352K, 58% used [0x8fd40000,0x911e4560,0x920c0000)
Event: 9.390 GC heap after
Heap after GC invocations=7 (full 1):
 PSYoungGen      total 47616K, used 4845K [0xa8e80000, 0xadcc0000, 0xb3740000)
  eden space 42752K, 0% used [0xa8e80000,0xa8e80000,0xab840000)
  from space 4864K, 99% used [0xad800000,0xadcbb538,0xadcc0000)
  to   space 8960K, 0% used [0xacb40000,0xacb40000,0xad400000)
 ParOldGen       total 38912K, used 16546K [0x93d40000, 0x96340000, 0xa8e80000)
  object space 38912K, 42% used [0x93d40000,0x94d68a38,0x96340000)
 PSPermGen       total 36352K, used 21137K [0x8fd40000, 0x920c0000, 0x93d40000)
  object space 36352K, 58% used [0x8fd40000,0x911e4560,0x920c0000)
}

